01-Jun-2025 21:01:06.230 INFO [main] org.apache.catalina.startup.VersionLoggerListener.log Server version name:   Apache Tomcat/9.0.105
01-Jun-2025 21:01:06.239 INFO [main] org.apache.catalina.startup.VersionLoggerListener.log Server built:          May 7 2025 18:36:02 UTC
01-Jun-2025 21:01:06.239 INFO [main] org.apache.catalina.startup.VersionLoggerListener.log Server version number: 9.0.105.0
01-Jun-2025 21:01:06.239 INFO [main] org.apache.catalina.startup.VersionLoggerListener.log OS Name:               Windows 11
01-Jun-2025 21:01:06.239 INFO [main] org.apache.catalina.startup.VersionLoggerListener.log OS Version:            10.0
01-Jun-2025 21:01:06.240 INFO [main] org.apache.catalina.startup.VersionLoggerListener.log Architecture:          amd64
01-Jun-2025 21:01:06.240 INFO [main] org.apache.catalina.startup.VersionLoggerListener.log Java Home:             C:\Program Files\Java\jdk-23
01-Jun-2025 21:01:06.241 INFO [main] org.apache.catalina.startup.VersionLoggerListener.log JVM Version:           23.0.1+11-39
01-Jun-2025 21:01:06.241 INFO [main] org.apache.catalina.startup.VersionLoggerListener.log JVM Vendor:            Oracle Corporation
01-Jun-2025 21:01:06.242 INFO [main] org.apache.catalina.startup.VersionLoggerListener.log CATALINA_BASE:         D:\Projects\JavaProjects\apache-tomcat-9.0.105
01-Jun-2025 21:01:06.243 INFO [main] org.apache.catalina.startup.VersionLoggerListener.log CATALINA_HOME:         D:\Projects\JavaProjects\apache-tomcat-9.0.105
01-Jun-2025 21:01:06.251 INFO [main] org.apache.catalina.startup.VersionLoggerListener.log Command line argument: --add-opens=java.base/java.lang=ALL-UNNAMED
01-Jun-2025 21:01:06.251 INFO [main] org.apache.catalina.startup.VersionLoggerListener.log Command line argument: --add-opens=java.base/java.lang.invoke=ALL-UNNAMED
01-Jun-2025 21:01:06.251 INFO [main] org.apache.catalina.startup.VersionLoggerListener.log Command line argument: --add-opens=java.base/java.lang.reflect=ALL-UNNAMED
01-Jun-2025 21:01:06.251 INFO [main] org.apache.catalina.startup.VersionLoggerListener.log Command line argument: --add-opens=java.base/java.io=ALL-UNNAMED
01-Jun-2025 21:01:06.251 INFO [main] org.apache.catalina.startup.VersionLoggerListener.log Command line argument: --add-opens=java.base/java.util=ALL-UNNAMED
01-Jun-2025 21:01:06.251 INFO [main] org.apache.catalina.startup.VersionLoggerListener.log Command line argument: --add-opens=java.base/java.util.concurrent=ALL-UNNAMED
01-Jun-2025 21:01:06.251 INFO [main] org.apache.catalina.startup.VersionLoggerListener.log Command line argument: --add-opens=java.rmi/sun.rmi.transport=ALL-UNNAMED
01-Jun-2025 21:01:06.251 INFO [main] org.apache.catalina.startup.VersionLoggerListener.log Command line argument: -Djava.util.logging.config.file=D:\Projects\JavaProjects\apache-tomcat-9.0.105\conf\logging.properties
01-Jun-2025 21:01:06.251 INFO [main] org.apache.catalina.startup.VersionLoggerListener.log Command line argument: -Djava.util.logging.manager=org.apache.juli.ClassLoaderLogManager
01-Jun-2025 21:01:06.251 INFO [main] org.apache.catalina.startup.VersionLoggerListener.log Command line argument: -Djdk.tls.ephemeralDHKeySize=2048
01-Jun-2025 21:01:06.251 INFO [main] org.apache.catalina.startup.VersionLoggerListener.log Command line argument: -Djava.protocol.handler.pkgs=org.apache.catalina.webresources
01-Jun-2025 21:01:06.251 INFO [main] org.apache.catalina.startup.VersionLoggerListener.log Command line argument: -Dsun.io.useCanonCaches=false
01-Jun-2025 21:01:06.251 INFO [main] org.apache.catalina.startup.VersionLoggerListener.log Command line argument: -Dignore.endorsed.dirs=
01-Jun-2025 21:01:06.251 INFO [main] org.apache.catalina.startup.VersionLoggerListener.log Command line argument: -Dcatalina.base=D:\Projects\JavaProjects\apache-tomcat-9.0.105
01-Jun-2025 21:01:06.251 INFO [main] org.apache.catalina.startup.VersionLoggerListener.log Command line argument: -Dcatalina.home=D:\Projects\JavaProjects\apache-tomcat-9.0.105
01-Jun-2025 21:01:06.251 INFO [main] org.apache.catalina.startup.VersionLoggerListener.log Command line argument: -Djava.io.tmpdir=D:\Projects\JavaProjects\apache-tomcat-9.0.105\temp
01-Jun-2025 21:01:06.268 INFO [main] org.apache.catalina.core.AprLifecycleListener.lifecycleEvent Loaded Apache Tomcat Native library [1.3.1] using APR version [1.7.4].
01-Jun-2025 21:01:06.268 INFO [main] org.apache.catalina.core.AprLifecycleListener.lifecycleEvent APR capabilities: IPv6 [true], sendfile [true], accept filters [false], random [true], UDS [true].
01-Jun-2025 21:01:06.268 INFO [main] org.apache.catalina.core.AprLifecycleListener.lifecycleEvent APR/OpenSSL configuration: useAprConnector [false], useOpenSSL [true]
01-Jun-2025 21:01:06.282 INFO [main] org.apache.catalina.core.AprLifecycleListener.initializeSSL OpenSSL successfully initialized [OpenSSL 3.0.14 4 Jun 2024]
01-Jun-2025 21:01:06.728 INFO [main] org.apache.coyote.AbstractProtocol.init Initializing ProtocolHandler ["http-nio-8080"]
01-Jun-2025 21:01:06.760 INFO [main] org.apache.catalina.startup.Catalina.load Server initialization in [931] milliseconds
01-Jun-2025 21:01:06.823 INFO [main] org.apache.catalina.core.StandardService.startInternal Starting service [Catalina]
01-Jun-2025 21:01:06.823 INFO [main] org.apache.catalina.core.StandardEngine.startInternal Starting Servlet engine: [Apache Tomcat/9.0.105]
01-Jun-2025 21:01:06.839 INFO [main] org.apache.catalina.startup.HostConfig.deployDirectory Deploying web application directory [D:\Projects\JavaProjects\apache-tomcat-9.0.105\webapps\docs]
01-Jun-2025 21:01:07.213 INFO [main] org.apache.catalina.startup.HostConfig.deployDirectory Deployment of web application directory [D:\Projects\JavaProjects\apache-tomcat-9.0.105\webapps\docs] has finished in [372] ms
01-Jun-2025 21:01:07.213 INFO [main] org.apache.catalina.startup.HostConfig.deployDirectory Deploying web application directory [D:\Projects\JavaProjects\apache-tomcat-9.0.105\webapps\examples]
01-Jun-2025 21:01:07.574 INFO [main] org.apache.catalina.startup.HostConfig.deployDirectory Deployment of web application directory [D:\Projects\JavaProjects\apache-tomcat-9.0.105\webapps\examples] has finished in [361] ms
01-Jun-2025 21:01:07.574 INFO [main] org.apache.catalina.startup.HostConfig.deployDirectory Deploying web application directory [D:\Projects\JavaProjects\apache-tomcat-9.0.105\webapps\host-manager]
01-Jun-2025 21:01:07.606 INFO [main] org.apache.catalina.startup.HostConfig.deployDirectory Deployment of web application directory [D:\Projects\JavaProjects\apache-tomcat-9.0.105\webapps\host-manager] has finished in [32] ms
01-Jun-2025 21:01:07.606 INFO [main] org.apache.catalina.startup.HostConfig.deployDirectory Deploying web application directory [D:\Projects\JavaProjects\apache-tomcat-9.0.105\webapps\JavaServletApp]
01-Jun-2025 21:01:07.658 INFO [main] org.apache.catalina.startup.HostConfig.deployDirectory Deployment of web application directory [D:\Projects\JavaProjects\apache-tomcat-9.0.105\webapps\JavaServletApp] has finished in [52] ms
01-Jun-2025 21:01:07.658 INFO [main] org.apache.catalina.startup.HostConfig.deployDirectory Deploying web application directory [D:\Projects\JavaProjects\apache-tomcat-9.0.105\webapps\manager]
01-Jun-2025 21:01:07.685 INFO [main] org.apache.catalina.startup.HostConfig.deployDirectory Deployment of web application directory [D:\Projects\JavaProjects\apache-tomcat-9.0.105\webapps\manager] has finished in [27] ms
01-Jun-2025 21:01:07.685 INFO [main] org.apache.catalina.startup.HostConfig.deployDirectory Deploying web application directory [D:\Projects\JavaProjects\apache-tomcat-9.0.105\webapps\ROOT]
01-Jun-2025 21:01:07.701 INFO [main] org.apache.catalina.startup.HostConfig.deployDirectory Deployment of web application directory [D:\Projects\JavaProjects\apache-tomcat-9.0.105\webapps\ROOT] has finished in [16] ms
01-Jun-2025 21:01:07.717 INFO [main] org.apache.coyote.AbstractProtocol.start Starting ProtocolHandler ["http-nio-8080"]
01-Jun-2025 21:01:07.764 INFO [main] org.apache.catalina.startup.Catalina.start Server startup in [994] milliseconds
01-Jun-2025 21:23:24.925 INFO [main] org.apache.catalina.core.StandardServer.await A valid shutdown command was received via the shutdown port. Stopping the Server instance.
01-Jun-2025 21:23:24.925 INFO [main] org.apache.coyote.AbstractProtocol.pause Pausing ProtocolHandler ["http-nio-8080"]
01-Jun-2025 21:23:24.957 INFO [main] org.apache.catalina.core.StandardService.stopInternal Stopping service [Catalina]
01-Jun-2025 21:23:25.057 INFO [main] org.apache.coyote.AbstractProtocol.stop Stopping ProtocolHandler ["http-nio-8080"]
01-Jun-2025 21:23:25.076 INFO [main] org.apache.coyote.AbstractProtocol.destroy Destroying ProtocolHandler ["http-nio-8080"]
